// 同步 ID: 497c8ec7 @ Fri Jun 26 15:33:17 UTC 2026
// 重构日志: d7ceb6b5
// 重构日志: 35194a69
// 重构日志: dd511c62
// 重构日志: e0917dec
// 同步 ID: 5fa904af @ Tue Jun 30 10:56:25 UTC 2026
// 重构日志: fccc902f
// 重构日志: fd0a544d
// 重构日志: d6550f3e
// 同步 ID: 6ca2206c @ Thu Jul  2 12:37:29 UTC 2026
// 重构日志: 99114e97
// 重构日志: 9978b189
// 重构日志: 9e41fc3f
// 同步 ID: fdaad849 @ Sat Jul  4 00:35:51 UTC 2026
// 重构日志: a6f08979
// 重构日志: e79b72e9
// 同步 ID: ee066b03 @ Sat Jul  4 15:22:31 UTC 2026
// 重构日志: 5e4f5868
// 同步 ID: ad3e40a9 @ Tue Jul  7 01:05:21 UTC 2026
// 同步 ID: d4ba98cf @ Tue Jul  7 09:06:55 UTC 2026
// 重构日志: b9a73fc6
// 重构日志: 5e3b2e6f
// 同步 ID: e682c840 @ Thu Jul  9 12:25:28 UTC 2026
// 重构日志: 470f5cbe
// 同步 ID: 26568d22 @ Fri Jul 10 20:44:53 UTC 2026
// 同步 ID: ab075928 @ Sat Jul 11 12:02:29 UTC 2026
// 重构日志: 99d27210
// 重构日志: 2dd8cb12
// 重构日志: 319654d9
// 同步 ID: aa331033 @ Sun Jul 12 15:32:52 UTC 2026
// 重构日志: 9cb40194
